<?xml version="1.0" encoding="UTF-8"?>
<testng-results skipped="0" failed="0" ignored="5" total="6" passed="1">
  <reporter-output>
  </reporter-output>
  <suite name="AllTests" duration-ms="584" started-at="2019-12-02T14:20:38Z" finished-at="2019-12-02T14:20:39Z">
    <groups>
    </groups>
    <test name="/Users/liucong/Downloads/javaprojects/webauto_java" duration-ms="584" started-at="2019-12-02T14:20:38Z" finished-at="2019-12-02T14:20:39Z">
      <class name="com.curry.webauto_java.scripts.TestDemo">
        <test-method status="PASS" signature="testDataProvider(java.lang.String, java.lang.String, java.lang.String)[pri:0, instance:com.curry.webauto_java.scripts.TestDemo@240237d2]" name="testDataProvider" duration-ms="51" started-at="2019-12-02T14:20:39Z" data-provider="testdata" finished-at="2019-12-02T14:20:39Z">
          <params>
            <param index="0">
              <value>
                <![CDATA[18301225040]]>
              </value>
            </param>
            <param index="1">
              <value>
                <![CDATA[123456]]>
              </value>
            </param>
            <param index="2">
              <value>
                <![CDATA[8888]]>
              </value>
            </param>
          </params>
          <reporter-output>
          </reporter-output>
        </test-method> <!-- testDataProvider -->
      </class> <!-- com.curry.webauto_java.scripts.TestDemo -->
    </test> <!-- /Users/liucong/Downloads/javaprojects/webauto_java -->
  </suite> <!-- AllTests -->
</testng-results>
