<?xml version="1.0" encoding="UTF-8"?>
<!-- Generated by org.testng.reporters.JUnitXMLReporter -->
<testsuite hostname="liucongdeMacBook-Pro.local" ignored="5" name="/Users/liucong/Downloads/javaprojects/webauto_java" tests="1" failures="0" timestamp="02 十二月 2019 14:20:39 GMT" time="0.584" errors="0">
  <testcase name="testDataProvider" time="0.051" classname="com.curry.webauto_java.scripts.TestDemo"/>
  <testcase name="test_pay" time="0.0" classname="com.curry.webauto_java.scripts.TestDemo">
    <ignored/>
  </testcase> <!-- test_pay -->
  <testcase name="test_login" time="0.0" classname="com.curry.webauto_java.scripts.TestDemo">
    <ignored/>
  </testcase> <!-- test_login -->
  <testcase name="test_shop" time="0.0" classname="com.curry.webauto_java.scripts.TestDemo">
    <ignored/>
  </testcase> <!-- test_shop -->
  <testcase name="test_order" time="0.0" classname="com.curry.webauto_java.scripts.TestDemo">
    <ignored/>
  </testcase> <!-- test_order -->
  <testcase name="test_logout" time="0.0" classname="com.curry.webauto_java.scripts.TestDemo">
    <ignored/>
  </testcase> <!-- test_logout -->
</testsuite> <!-- /Users/liucong/Downloads/javaprojects/webauto_java -->
